[2026-03-23 15:10:17] local.ERROR: The process "C:\laragon\bin\php\php-8.3.16-Win32-vs16-x64\php.exe artisan queue:work --once --name=default --queue=default --backoff=0 --memory=128 --sleep=3 --tries=1" exceeded the timeout of 60 seconds. {"exception":"[object] (Symfony\\Component\\Process\\Exception\\ProcessTimedOutException(code: 0): The process \"C:\\laragon\\bin\\php\\php-8.3.16-Win32-vs16-x64\\php.exe artisan queue:work --once --name=default --queue=default --backoff=0 --memory=128 --sleep=3 --tries=1\" exceeded the timeout of 60 seconds. at C:\\Users\\za181\\Desktop\\Estadia\\Automatizacion_Procesos_Hospital_Health_Care\\vendor\\symfony\\process\\Process.php:1181)
[stacktrace]
#0 C:\\Users\\za181\\Desktop\\Estadia\\Automatizacion_Procesos_Hospital_Health_Care\\vendor\\symfony\\process\\Process.php(450): Symfony\\Component\\Process\\Process->checkTimeout()
#1 C:\\Users\\za181\\Desktop\\Estadia\\Automatizacion_Procesos_Hospital_Health_Care\\vendor\\symfony\\process\\Process.php(251): Symfony\\Component\\Process\\Process->wait()
#2 C:\\Users\\za181\\Desktop\\Estadia\\Automatizacion_Procesos_Hospital_Health_Care\\vendor\\laravel\\framework\\src\\Illuminate\\Queue\\Listener.php(180): Symfony\\Component\\Process\\Process->run(Object(Closure))
#3 C:\\Users\\za181\\Desktop\\Estadia\\Automatizacion_Procesos_Hospital_Health_Care\\vendor\\laravel\\framework\\src\\Illuminate\\Queue\\Listener.php(91): Illuminate\\Queue\\Listener->runProcess(Object(Symfony\\Component\\Process\\Process), '128')
#4 C:\\Users\\za181\\Desktop\\Estadia\\Automatizacion_Procesos_Hospital_Health_Care\\vendor\\laravel\\framework\\src\\Illuminate\\Queue\\Console\\ListenCommand.php(74): Illuminate\\Queue\\Listener->listen(NULL, 'default', Object(Illuminate\\Queue\\ListenerOptions))
#5 C:\\Users\\za181\\Desktop\\Estadia\\Automatizacion_Procesos_Hospital_Health_Care\\vendor\\laravel\\framework\\src\\Illuminate\\Container\\BoundMethod.php(36): Illuminate\\Queue\\Console\\ListenCommand->handle()
#6 C:\\Users\\za181\\Desktop\\Estadia\\Automatizacion_Procesos_Hospital_Health_Care\\vendor\\laravel\\framework\\src\\Illuminate\\Container\\Util.php(43): Illuminate\\Container\\BoundMethod::Illuminate\\Container\\{closure}()
#7 C:\\Users\\za181\\Desktop\\Estadia\\Automatizacion_Procesos_Hospital_Health_Care\\vendor\\laravel\\framework\\src\\Illuminate\\Container\\BoundMethod.php(96): Illuminate\\Container\\Util::unwrapIfClosure(Object(Closure))
#8 C:\\Users\\za181\\Desktop\\Estadia\\Automatizacion_Procesos_Hospital_Health_Care\\vendor\\laravel\\framework\\src\\Illuminate\\Container\\BoundMethod.php(35): Illuminate\\Container\\BoundMethod::callBoundMethod(Object(Illuminate\\Foundation\\Application), Array, Object(Closure))
#9 C:\\Users\\za181\\Desktop\\Estadia\\Automatizacion_Procesos_Hospital_Health_Care\\vendor\\laravel\\framework\\src\\Illuminate\\Container\\Container.php(836): Illuminate\\Container\\BoundMethod::call(Object(Illuminate\\Foundation\\Application), Array, Array, NULL)
#10 C:\\Users\\za181\\Desktop\\Estadia\\Automatizacion_Procesos_Hospital_Health_Care\\vendor\\laravel\\framework\\src\\Illuminate\\Console\\Command.php(211): Illuminate\\Container\\Container->call(Array)
#11 C:\\Users\\za181\\Desktop\\Estadia\\Automatizacion_Procesos_Hospital_Health_Care\\vendor\\symfony\\console\\Command\\Command.php(318): Illuminate\\Console\\Command->execute(Object(Symfony\\Component\\Console\\Input\\ArgvInput), Object(Illuminate\\Console\\OutputStyle))
#12 C:\\Users\\za181\\Desktop\\Estadia\\Automatizacion_Procesos_Hospital_Health_Care\\vendor\\laravel\\framework\\src\\Illuminate\\Console\\Command.php(180): Symfony\\Component\\Console\\Command\\Command->run(Object(Symfony\\Component\\Console\\Input\\ArgvInput), Object(Illuminate\\Console\\OutputStyle))
#13 C:\\Users\\za181\\Desktop\\Estadia\\Automatizacion_Procesos_Hospital_Health_Care\\vendor\\symfony\\console\\Application.php(1073): Illuminate\\Console\\Command->run(Object(Symfony\\Component\\Console\\Input\\ArgvInput), Object(Symfony\\Component\\Console\\Output\\ConsoleOutput))
#14 C:\\Users\\za181\\Desktop\\Estadia\\Automatizacion_Procesos_Hospital_Health_Care\\vendor\\symfony\\console\\Application.php(356): Symfony\\Component\\Console\\Application->doRunCommand(Object(Illuminate\\Queue\\Console\\ListenCommand), Object(Symfony\\Component\\Console\\Input\\ArgvInput), Object(Symfony\\Component\\Console\\Output\\ConsoleOutput))
#15 C:\\Users\\za181\\Desktop\\Estadia\\Automatizacion_Procesos_Hospital_Health_Care\\vendor\\symfony\\console\\Application.php(195): Symfony\\Component\\Console\\Application->doRun(Object(Symfony\\Component\\Console\\Input\\ArgvInput), Object(Symfony\\Component\\Console\\Output\\ConsoleOutput))
#16 C:\\Users\\za181\\Desktop\\Estadia\\Automatizacion_Procesos_Hospital_Health_Care\\vendor\\laravel\\framework\\src\\Illuminate\\Foundation\\Console\\Kernel.php(197): Symfony\\Component\\Console\\Application->run(Object(Symfony\\Component\\Console\\Input\\ArgvInput), Object(Symfony\\Component\\Console\\Output\\ConsoleOutput))
#17 C:\\Users\\za181\\Desktop\\Estadia\\Automatizacion_Procesos_Hospital_Health_Care\\vendor\\laravel\\framework\\src\\Illuminate\\Foundation\\Application.php(1235): Illuminate\\Foundation\\Console\\Kernel->handle(Object(Symfony\\Component\\Console\\Input\\ArgvInput), Object(Symfony\\Component\\Console\\Output\\ConsoleOutput))
#18 C:\\Users\\za181\\Desktop\\Estadia\\Automatizacion_Procesos_Hospital_Health_Care\\artisan(16): Illuminate\\Foundation\\Application->handleCommand(Object(Symfony\\Component\\Console\\Input\\ArgvInput))
#19 {main}
"} 
